<?xml version="1.0" encoding="UTF-8"?>
<!-- Generated by org.testng.reporters.JUnitXMLReporter -->
<testsuite ignored="1" hostname="JP" failures="0" tests="2" name="attributes" time="0.095" errors="0" timestamp="2022-01-03T19:53:56 IST">
  <testcase classname="TestNg.test2" name="webcarloan" time="0.051"/>
  <testcase classname="TestNg.test2" name="mobilecarloan" time="0.004"/>
  <testcase classname="TestNg.test2" name="restapicarloan" time="0.0">
    <ignored/>
  </testcase> <!-- restapicarloan -->
</testsuite> <!-- attributes -->
