<?xml version="1.0" encoding="UTF-8"?>
<!-- Generated by org.testng.reporters.JUnitXMLReporter -->
<testsuite ignored="2" hostname="JP" failures="0" tests="2" name="personal loan" time="0.039" errors="0" timestamp="2022-01-03T14:54:13 IST">
  <testcase classname="TestNg.test1" name="Webpersonalloan" time="0.003"/>
  <testcase classname="TestNg.testng1" name="display" time="0.005"/>
  <testcase classname="TestNg.test1" name="mobilepersonalloan" time="0.0">
    <ignored/>
  </testcase> <!-- mobilepersonalloan -->
  <testcase classname="TestNg.test1" name="restapipersonalloan" time="0.0">
    <ignored/>
  </testcase> <!-- restapipersonalloan -->
</testsuite> <!-- personal loan -->
